2025-08-08 15:09:55,504 [Worker-6: Loading available Gradle versions] INFO  o.e.b.c.i.u.g.PublishedGradleVersions - Gradle version information cache is not available. Remote download required.
2025-08-08 15:11:31,553 [Worker-30: Import Getting Started Content] INFO  o.e.m.c.i.l.LifecycleMappingFactory - Using org.eclipse.m2e.jdt.JarLifecycleMapping lifecycle mapping for MavenProject: com.example:Autowired:0.0.1-SNAPSHOT @ C:\Users\NBODT\OneDrive - Khon Kaen University\Course\CP353002\Lab6\Autowired\pom.xml.
2025-08-08 15:11:33,416 [Worker-30: Import Getting Started Content] INFO  o.e.m.j.i.AbstractJavaProjectConfigurator - Adding source folder /Autowired/src/main/java
2025-08-08 15:11:33,419 [Worker-30: Import Getting Started Content] INFO  o.e.m.j.i.AbstractJavaProjectConfigurator - Adding resource folder /Autowired/src/main/resources
2025-08-08 15:11:33,426 [Worker-30: Import Getting Started Content] INFO  o.e.m.j.i.AbstractJavaProjectConfigurator - Adding resource folder /Autowired/src/main/resources
2025-08-08 15:11:33,431 [Worker-30: Import Getting Started Content] INFO  o.e.m.j.i.AbstractJavaProjectConfigurator - Adding source folder /Autowired/src/test/java
2025-08-08 15:11:33,434 [Worker-30: Import Getting Started Content] INFO  o.e.m.j.i.AbstractJavaProjectConfigurator - Adding resource folder /Autowired/src/test/resources
2025-08-08 15:11:34,551 [Worker-30: Import Getting Started Content] INFO  o.e.m.c.i.p.ProjectConfigurationManager - Imported and configured 1 project(s) in 4 sec
2025-08-08 15:11:34,556 [Worker-30: Import Getting Started Content] INFO  o.e.m.c.i.p.ProjectConfigurationManager - Update started
2025-08-08 15:11:35,134 [Worker-30: Import Getting Started Content] INFO  o.e.m.c.i.l.LifecycleMappingFactory - Using org.eclipse.m2e.jdt.JarLifecycleMapping lifecycle mapping for MavenProject: com.example:Autowired:0.0.1-SNAPSHOT @ C:\Users\NBODT\OneDrive - Khon Kaen University\Course\CP353002\Lab6\Autowired\pom.xml.
2025-08-08 15:11:35,634 [Worker-30: Import Getting Started Content] INFO  o.e.m.j.i.AbstractJavaProjectConfigurator - Adding source folder /Autowired/src/main/java
2025-08-08 15:11:35,635 [Worker-30: Import Getting Started Content] INFO  o.e.m.j.i.AbstractJavaProjectConfigurator - Adding resource folder /Autowired/src/main/resources
2025-08-08 15:11:35,636 [Worker-30: Import Getting Started Content] INFO  o.e.m.j.i.AbstractJavaProjectConfigurator - Adding resource folder /Autowired/src/main/resources
2025-08-08 15:11:35,637 [Worker-30: Import Getting Started Content] INFO  o.e.m.j.i.AbstractJavaProjectConfigurator - Adding source folder /Autowired/src/test/java
2025-08-08 15:11:35,638 [Worker-30: Import Getting Started Content] INFO  o.e.m.j.i.AbstractJavaProjectConfigurator - Adding resource folder /Autowired/src/test/resources
2025-08-08 15:11:35,988 [Worker-30: Import Getting Started Content] INFO  o.e.m.c.i.p.ProjectConfigurationManager - Update completed for 1 poms: local refresh takes 0.00 sec, refresh facades takes 1.00 sec, update config takes 0.00 sec 
2025-08-08 15:11:36,052 [Worker-12: Updating Maven Project] INFO  o.e.m.c.i.p.ProjectConfigurationManager - Update started
2025-08-08 15:11:36,678 [Worker-12: Updating Maven Project] INFO  o.e.m.c.i.l.LifecycleMappingFactory - Using org.eclipse.m2e.jdt.JarLifecycleMapping lifecycle mapping for MavenProject: com.example:Autowired:0.0.1-SNAPSHOT @ C:\Users\NBODT\OneDrive - Khon Kaen University\Course\CP353002\Lab6\Autowired\pom.xml.
2025-08-08 15:11:37,687 [Worker-12: Updating Maven Project] INFO  o.e.m.j.i.AbstractJavaProjectConfigurator - Adding source folder /Autowired/src/main/java
2025-08-08 15:11:37,689 [Worker-12: Updating Maven Project] INFO  o.e.m.j.i.AbstractJavaProjectConfigurator - Adding resource folder /Autowired/src/main/resources
2025-08-08 15:11:37,691 [Worker-12: Updating Maven Project] INFO  o.e.m.j.i.AbstractJavaProjectConfigurator - Adding resource folder /Autowired/src/main/resources
2025-08-08 15:11:37,692 [Worker-12: Updating Maven Project] INFO  o.e.m.j.i.AbstractJavaProjectConfigurator - Adding source folder /Autowired/src/test/java
2025-08-08 15:11:37,735 [Worker-12: Updating Maven Project] INFO  o.e.m.j.i.AbstractJavaProjectConfigurator - Adding resource folder /Autowired/src/test/resources
2025-08-08 15:11:38,057 [Worker-12: Updating Maven Project] INFO  o.e.m.c.i.p.ProjectConfigurationManager - Update completed for 1 poms: local refresh takes 0.00 sec, refresh facades takes 1.00 sec, update config takes 0.00 sec 
2025-08-08 15:11:39,008 [Worker-22: Building] INFO  o.a.m.s.f.DefaultMavenResourcesFiltering - Copying 1 resource from src\main\resources to target\classes
2025-08-08 15:11:39,058 [Worker-22: Building] INFO  o.a.m.s.f.DefaultMavenResourcesFiltering - Copying 0 resource from src\main\resources to target\classes
2025-08-08 15:11:39,068 [Worker-22: Building] INFO  o.a.m.s.f.DefaultMavenResourcesFiltering - skip non existing resourceDirectory C:\Users\NBODT\OneDrive - Khon Kaen University\Course\CP353002\Lab6\Autowired\src\test\resources
2025-08-08 15:21:23,788 [Worker-1: Building] INFO  o.a.m.s.f.DefaultMavenResourcesFiltering - Copying 1 resource from src\main\resources to target\classes
2025-08-08 15:21:23,804 [Worker-1: Building] INFO  o.a.m.s.f.DefaultMavenResourcesFiltering - Copying 0 resource from src\main\resources to target\classes
2025-08-08 15:21:23,810 [Worker-1: Building] INFO  o.a.m.s.f.DefaultMavenResourcesFiltering - skip non existing resourceDirectory C:\Users\NBODT\OneDrive - Khon Kaen University\Course\CP353002\Lab6\Autowired\src\test\resources
2025-08-08 15:23:47,294 [Worker-1: Building] INFO  o.a.m.s.f.DefaultMavenResourcesFiltering - Copying 1 resource from src\main\resources to target\classes
2025-08-08 15:23:47,329 [Worker-1: Building] INFO  o.a.m.s.f.DefaultMavenResourcesFiltering - Copying 0 resource from src\main\resources to target\classes
2025-08-08 15:23:47,334 [Worker-1: Building] INFO  o.a.m.s.f.DefaultMavenResourcesFiltering - skip non existing resourceDirectory C:\Users\NBODT\OneDrive - Khon Kaen University\Course\CP353002\Lab6\Autowired\src\test\resources
2025-08-08 15:30:54,420 [Worker-35: Building] INFO  o.a.m.s.f.DefaultMavenResourcesFiltering - Copying 1 resource from src\main\resources to target\classes
2025-08-08 15:30:54,461 [Worker-35: Building] INFO  o.a.m.s.f.DefaultMavenResourcesFiltering - Copying 0 resource from src\main\resources to target\classes
2025-08-08 15:30:54,468 [Worker-35: Building] INFO  o.a.m.s.f.DefaultMavenResourcesFiltering - skip non existing resourceDirectory C:\Users\NBODT\OneDrive - Khon Kaen University\Course\CP353002\Lab6\Autowired\src\test\resources
2025-08-08 15:35:10,266 [Worker-1: Building] INFO  o.a.m.s.f.DefaultMavenResourcesFiltering - Copying 1 resource from src\main\resources to target\classes
2025-08-08 15:35:10,275 [Worker-1: Building] INFO  o.a.m.s.f.DefaultMavenResourcesFiltering - Copying 0 resource from src\main\resources to target\classes
2025-08-08 15:35:10,281 [Worker-1: Building] INFO  o.a.m.s.f.DefaultMavenResourcesFiltering - skip non existing resourceDirectory C:\Users\NBODT\OneDrive - Khon Kaen University\Course\CP353002\Lab6\Autowired\src\test\resources
2025-08-08 15:36:44,268 [Worker-35: Building] INFO  o.a.m.s.f.DefaultMavenResourcesFiltering - Copying 1 resource from src\main\resources to target\classes
2025-08-08 15:36:44,281 [Worker-35: Building] INFO  o.a.m.s.f.DefaultMavenResourcesFiltering - Copying 0 resource from src\main\resources to target\classes
2025-08-08 15:36:44,287 [Worker-35: Building] INFO  o.a.m.s.f.DefaultMavenResourcesFiltering - skip non existing resourceDirectory C:\Users\NBODT\OneDrive - Khon Kaen University\Course\CP353002\Lab6\Autowired\src\test\resources
2025-08-08 15:42:47,176 [Worker-34: Building] INFO  o.a.m.s.f.DefaultMavenResourcesFiltering - Copying 1 resource from src\main\resources to target\classes
2025-08-08 15:42:47,207 [Worker-34: Building] INFO  o.a.m.s.f.DefaultMavenResourcesFiltering - Copying 0 resource from src\main\resources to target\classes
2025-08-08 15:42:47,214 [Worker-34: Building] INFO  o.a.m.s.f.DefaultMavenResourcesFiltering - skip non existing resourceDirectory C:\Users\NBODT\OneDrive - Khon Kaen University\Course\CP353002\Lab6\Autowired\src\test\resources
2025-08-08 15:50:23,949 [Worker-38: Building] INFO  o.a.m.s.f.DefaultMavenResourcesFiltering - Copying 1 resource from src\main\resources to target\classes
2025-08-08 15:50:24,122 [Worker-38: Building] INFO  o.a.m.s.f.DefaultMavenResourcesFiltering - Copying 0 resource from src\main\resources to target\classes
2025-08-08 15:50:24,127 [Worker-38: Building] INFO  o.a.m.s.f.DefaultMavenResourcesFiltering - skip non existing resourceDirectory C:\Users\NBODT\OneDrive - Khon Kaen University\Course\CP353002\Lab6\Autowired\src\test\resources
2025-08-08 15:51:18,207 [Worker-31: Building] INFO  o.a.m.s.f.DefaultMavenResourcesFiltering - Copying 1 resource from src\main\resources to target\classes
2025-08-08 15:51:18,217 [Worker-31: Building] INFO  o.a.m.s.f.DefaultMavenResourcesFiltering - Copying 0 resource from src\main\resources to target\classes
2025-08-08 15:51:18,224 [Worker-31: Building] INFO  o.a.m.s.f.DefaultMavenResourcesFiltering - skip non existing resourceDirectory C:\Users\NBODT\OneDrive - Khon Kaen University\Course\CP353002\Lab6\Autowired\src\test\resources
2025-08-08 15:59:00,590 [Worker-37: Launching Autowired - AutowiredApplication] INFO  o.a.m.s.f.DefaultMavenResourcesFiltering - Copying 1 resource from src\main\resources to target\classes
2025-08-08 15:59:00,632 [Worker-37: Launching Autowired - AutowiredApplication] INFO  o.a.m.s.f.DefaultMavenResourcesFiltering - Copying 0 resource from src\main\resources to target\classes
2025-08-08 15:59:00,638 [Worker-37: Launching Autowired - AutowiredApplication] INFO  o.a.m.s.f.DefaultMavenResourcesFiltering - skip non existing resourceDirectory C:\Users\NBODT\OneDrive - Khon Kaen University\Course\CP353002\Lab6\Autowired\src\test\resources
2025-08-08 16:02:44,089 [Worker-40: Building] INFO  o.e.m.c.i.l.LifecycleMappingFactory - Using org.eclipse.m2e.jdt.JarLifecycleMapping lifecycle mapping for MavenProject: com.example:Autowired:0.0.1-SNAPSHOT @ C:\Users\NBODT\OneDrive - Khon Kaen University\Course\CP353002\Lab6\Lab6_Autowired\pom.xml.
2025-08-08 16:02:46,519 [Worker-40: Building] INFO  o.a.m.s.f.DefaultMavenResourcesFiltering - Copying 1 resource from src\main\resources to target\classes
2025-08-08 16:02:46,554 [Worker-40: Building] INFO  o.a.m.s.f.DefaultMavenResourcesFiltering - Copying 0 resource from src\main\resources to target\classes
2025-08-08 16:02:46,566 [Worker-40: Building] INFO  o.a.m.s.f.DefaultMavenResourcesFiltering - skip non existing resourceDirectory C:\Users\NBODT\OneDrive - Khon Kaen University\Course\CP353002\Lab6\Lab6_Autowired\src\test\resources
2025-08-08 16:02:47,141 [Worker-33: Building] INFO  o.a.m.s.f.DefaultMavenResourcesFiltering - Copying 1 resource from src\main\resources to target\classes
2025-08-08 16:02:47,146 [Worker-33: Building] INFO  o.a.m.s.f.DefaultMavenResourcesFiltering - Copying 0 resource from src\main\resources to target\classes
2025-08-08 16:02:47,155 [Worker-33: Building] INFO  o.a.m.s.f.DefaultMavenResourcesFiltering - skip non existing resourceDirectory C:\Users\NBODT\OneDrive - Khon Kaen University\Course\CP353002\Lab6\Lab6_Autowired\src\test\resources
2025-08-08 16:04:05,921 [Worker-42: Launching Autowired - AutowiredApplication] INFO  o.a.m.s.f.DefaultMavenResourcesFiltering - Copying 1 resource from src\main\resources to target\classes
2025-08-08 16:04:05,930 [Worker-42: Launching Autowired - AutowiredApplication] INFO  o.a.m.s.f.DefaultMavenResourcesFiltering - Copying 0 resource from src\main\resources to target\classes
2025-08-08 16:04:05,937 [Worker-42: Launching Autowired - AutowiredApplication] INFO  o.a.m.s.f.DefaultMavenResourcesFiltering - skip non existing resourceDirectory C:\Users\NBODT\OneDrive - Khon Kaen University\Course\CP353002\Lab6\Lab6_Autowired\src\test\resources
2025-08-08 16:15:53,116 [Worker-40: Launching Autowired - AutowiredApplication] INFO  o.a.m.s.f.DefaultMavenResourcesFiltering - Copying 1 resource from src\main\resources to target\classes
2025-08-08 16:15:53,211 [Worker-40: Launching Autowired - AutowiredApplication] INFO  o.a.m.s.f.DefaultMavenResourcesFiltering - Copying 0 resource from src\main\resources to target\classes
2025-08-08 16:15:53,244 [Worker-40: Launching Autowired - AutowiredApplication] INFO  o.a.m.s.f.DefaultMavenResourcesFiltering - skip non existing resourceDirectory C:\Users\NBODT\OneDrive - Khon Kaen University\Course\CP353002\Lab6\Lab6_Autowired\src\test\resources
2025-08-08 16:17:33,146 [Worker-34: Launching Autowired - AutowiredApplication] INFO  o.a.m.s.f.DefaultMavenResourcesFiltering - Copying 1 resource from src\main\resources to target\classes
2025-08-08 16:17:33,176 [Worker-34: Launching Autowired - AutowiredApplication] INFO  o.a.m.s.f.DefaultMavenResourcesFiltering - Copying 0 resource from src\main\resources to target\classes
2025-08-08 16:17:33,185 [Worker-34: Launching Autowired - AutowiredApplication] INFO  o.a.m.s.f.DefaultMavenResourcesFiltering - skip non existing resourceDirectory C:\Users\NBODT\OneDrive - Khon Kaen University\Course\CP353002\Lab6\Lab6_Autowired\src\test\resources
2025-08-08 16:24:16,064 [Worker-43: Launching Autowired - AutowiredApplication] INFO  o.a.m.s.f.DefaultMavenResourcesFiltering - Copying 1 resource from src\main\resources to target\classes
2025-08-08 16:24:16,092 [Worker-43: Launching Autowired - AutowiredApplication] INFO  o.a.m.s.f.DefaultMavenResourcesFiltering - Copying 0 resource from src\main\resources to target\classes
2025-08-08 16:24:16,104 [Worker-43: Launching Autowired - AutowiredApplication] INFO  o.a.m.s.f.DefaultMavenResourcesFiltering - skip non existing resourceDirectory C:\Users\NBODT\OneDrive - Khon Kaen University\Course\CP353002\Lab6\Lab6_Autowired\src\test\resources
2025-08-08 16:40:21,792 [Worker-40: Launching Autowired - AutowiredApplication] INFO  o.a.m.s.f.DefaultMavenResourcesFiltering - Copying 1 resource from src\main\resources to target\classes
2025-08-08 16:40:21,819 [Worker-40: Launching Autowired - AutowiredApplication] INFO  o.a.m.s.f.DefaultMavenResourcesFiltering - Copying 0 resource from src\main\resources to target\classes
2025-08-08 16:40:21,825 [Worker-40: Launching Autowired - AutowiredApplication] INFO  o.a.m.s.f.DefaultMavenResourcesFiltering - skip non existing resourceDirectory C:\Users\NBODT\OneDrive - Khon Kaen University\Course\CP353002\Lab6\Lab6_Autowired\src\test\resources
2025-08-08 16:41:22,683 [Worker-40: Building] INFO  o.a.m.s.f.DefaultMavenResourcesFiltering - Copying 1 resource from src\main\resources to target\classes
2025-08-08 16:41:22,740 [Worker-40: Building] INFO  o.a.m.s.f.DefaultMavenResourcesFiltering - Copying 0 resource from src\main\resources to target\classes
2025-08-08 16:41:22,746 [Worker-40: Building] INFO  o.a.m.s.f.DefaultMavenResourcesFiltering - skip non existing resourceDirectory C:\Users\NBODT\OneDrive - Khon Kaen University\Course\CP353002\Lab6\Lab6_Autowired\src\test\resources
2025-08-08 16:45:12,633 [Worker-45: Launching Autowired - AutowiredApplication] INFO  o.a.m.s.f.DefaultMavenResourcesFiltering - Copying 1 resource from src\main\resources to target\classes
2025-08-08 16:45:12,647 [Worker-45: Launching Autowired - AutowiredApplication] INFO  o.a.m.s.f.DefaultMavenResourcesFiltering - Copying 0 resource from src\main\resources to target\classes
2025-08-08 16:45:12,654 [Worker-45: Launching Autowired - AutowiredApplication] INFO  o.a.m.s.f.DefaultMavenResourcesFiltering - skip non existing resourceDirectory C:\Users\NBODT\OneDrive - Khon Kaen University\Course\CP353002\Lab6\Lab6_Autowired\src\test\resources
2025-08-08 16:46:15,125 [Worker-48: Building] INFO  o.a.m.s.f.DefaultMavenResourcesFiltering - Copying 1 resource from src\main\resources to target\classes
2025-08-08 16:46:15,146 [Worker-48: Building] INFO  o.a.m.s.f.DefaultMavenResourcesFiltering - Copying 0 resource from src\main\resources to target\classes
2025-08-08 16:46:15,151 [Worker-48: Building] INFO  o.a.m.s.f.DefaultMavenResourcesFiltering - skip non existing resourceDirectory C:\Users\NBODT\OneDrive - Khon Kaen University\Course\CP353002\Lab6\Lab6_Autowired\src\test\resources
2025-08-08 16:47:17,575 [Worker-48: Building] INFO  o.a.m.s.f.DefaultMavenResourcesFiltering - Copying 1 resource from src\main\resources to target\classes
2025-08-08 16:47:17,604 [Worker-48: Building] INFO  o.a.m.s.f.DefaultMavenResourcesFiltering - Copying 0 resource from src\main\resources to target\classes
2025-08-08 16:47:17,608 [Worker-48: Building] INFO  o.a.m.s.f.DefaultMavenResourcesFiltering - skip non existing resourceDirectory C:\Users\NBODT\OneDrive - Khon Kaen University\Course\CP353002\Lab6\Lab6_Autowired\src\test\resources
2025-08-08 16:47:44,465 [Worker-34: Launching Autowired - AutowiredApplication] INFO  o.a.m.s.f.DefaultMavenResourcesFiltering - Copying 1 resource from src\main\resources to target\classes
2025-08-08 16:47:44,485 [Worker-34: Launching Autowired - AutowiredApplication] INFO  o.a.m.s.f.DefaultMavenResourcesFiltering - Copying 0 resource from src\main\resources to target\classes
2025-08-08 16:47:44,492 [Worker-34: Launching Autowired - AutowiredApplication] INFO  o.a.m.s.f.DefaultMavenResourcesFiltering - skip non existing resourceDirectory C:\Users\NBODT\OneDrive - Khon Kaen University\Course\CP353002\Lab6\Lab6_Autowired\src\test\resources
2025-08-08 16:49:31,318 [Worker-34: Building] INFO  o.a.m.s.f.DefaultMavenResourcesFiltering - Copying 1 resource from src\main\resources to target\classes
2025-08-08 16:49:31,368 [Worker-34: Building] INFO  o.a.m.s.f.DefaultMavenResourcesFiltering - Copying 0 resource from src\main\resources to target\classes
2025-08-08 16:49:31,377 [Worker-34: Building] INFO  o.a.m.s.f.DefaultMavenResourcesFiltering - skip non existing resourceDirectory C:\Users\NBODT\OneDrive - Khon Kaen University\Course\CP353002\Lab6\Lab6_Autowired\src\test\resources
2025-08-08 16:49:42,299 [Worker-34: Launching Autowired - AutowiredApplication] INFO  o.a.m.s.f.DefaultMavenResourcesFiltering - Copying 1 resource from src\main\resources to target\classes
2025-08-08 16:49:42,357 [Worker-34: Launching Autowired - AutowiredApplication] INFO  o.a.m.s.f.DefaultMavenResourcesFiltering - Copying 0 resource from src\main\resources to target\classes
2025-08-08 16:49:42,362 [Worker-34: Launching Autowired - AutowiredApplication] INFO  o.a.m.s.f.DefaultMavenResourcesFiltering - skip non existing resourceDirectory C:\Users\NBODT\OneDrive - Khon Kaen University\Course\CP353002\Lab6\Lab6_Autowired\src\test\resources
2025-08-08 16:52:04,656 [Worker-33: Building] INFO  o.a.m.s.f.DefaultMavenResourcesFiltering - Copying 1 resource from src\main\resources to target\classes
2025-08-08 16:52:04,840 [Worker-33: Building] INFO  o.a.m.s.f.DefaultMavenResourcesFiltering - Copying 0 resource from src\main\resources to target\classes
2025-08-08 16:52:04,851 [Worker-33: Building] INFO  o.a.m.s.f.DefaultMavenResourcesFiltering - skip non existing resourceDirectory C:\Users\NBODT\OneDrive - Khon Kaen University\Course\CP353002\Lab6\Lab6_Autowired\src\test\resources
2025-08-08 16:52:23,773 [Worker-50: Building] INFO  o.a.m.s.f.DefaultMavenResourcesFiltering - Copying 1 resource from src\main\resources to target\classes
2025-08-08 16:52:23,802 [Worker-50: Building] INFO  o.a.m.s.f.DefaultMavenResourcesFiltering - Copying 0 resource from src\main\resources to target\classes
2025-08-08 16:52:23,812 [Worker-50: Building] INFO  o.a.m.s.f.DefaultMavenResourcesFiltering - skip non existing resourceDirectory C:\Users\NBODT\OneDrive - Khon Kaen University\Course\CP353002\Lab6\Lab6_Autowired\src\test\resources
2025-08-08 16:52:28,846 [Worker-48: Building] INFO  o.a.m.s.f.DefaultMavenResourcesFiltering - Copying 1 resource from src\main\resources to target\classes
2025-08-08 16:52:28,926 [Worker-48: Building] INFO  o.a.m.s.f.DefaultMavenResourcesFiltering - Copying 0 resource from src\main\resources to target\classes
2025-08-08 16:52:28,931 [Worker-48: Building] INFO  o.a.m.s.f.DefaultMavenResourcesFiltering - skip non existing resourceDirectory C:\Users\NBODT\OneDrive - Khon Kaen University\Course\CP353002\Lab6\Lab6_Autowired\src\test\resources
2025-08-08 16:52:46,329 [Worker-46: Building] INFO  o.a.m.s.f.DefaultMavenResourcesFiltering - Copying 1 resource from src\main\resources to target\classes
2025-08-08 16:52:46,439 [Worker-46: Building] INFO  o.a.m.s.f.DefaultMavenResourcesFiltering - Copying 0 resource from src\main\resources to target\classes
2025-08-08 16:52:46,449 [Worker-46: Building] INFO  o.a.m.s.f.DefaultMavenResourcesFiltering - skip non existing resourceDirectory C:\Users\NBODT\OneDrive - Khon Kaen University\Course\CP353002\Lab6\Lab6_Autowired\src\test\resources
2025-08-08 17:04:29,213 [Worker-50: Launching Autowired - AutowiredApplication] INFO  o.a.m.s.f.DefaultMavenResourcesFiltering - Copying 1 resource from src\main\resources to target\classes
2025-08-08 17:04:29,278 [Worker-50: Launching Autowired - AutowiredApplication] INFO  o.a.m.s.f.DefaultMavenResourcesFiltering - Copying 0 resource from src\main\resources to target\classes
2025-08-08 17:04:29,290 [Worker-50: Launching Autowired - AutowiredApplication] INFO  o.a.m.s.f.DefaultMavenResourcesFiltering - skip non existing resourceDirectory C:\Users\NBODT\OneDrive - Khon Kaen University\Course\CP353002\Lab6\Lab6_Autowired\src\test\resources
